<?xml version="1.0" encoding="UTF-8" standalone="no"?>
<!DOCTYPE log SYSTEM "logger.dtd">
<log>
<record>
  <date>2018-09-08T23:34:03</date>
  <millis>1536438843025</millis>
  <sequence>0</sequence>
  <level>START</level>
  <class>com.kms.katalon.core.logging.KeywordLogger</class>
  <method>startSuite</method>
  <thread>1</thread>
  <message>Start Test Suite : Test Suites/UserAuthentication</message>
  <nestedLevel>0</nestedLevel>
  <property name="name">UserAuthentication</property>
  <property name="description"></property>
  <property name="id">Test Suites/UserAuthentication</property>
</record>
<record>
  <date>2018-09-08T23:34:03</date>
  <millis>1536438843096</millis>
  <sequence>1</sequence>
  <level>RUN_DATA</level>
  <class>com.kms.katalon.core.logging.KeywordLogger</class>
  <method>logMessage</method>
  <thread>1</thread>
  <message>Logging run data &amp;apos;hostName&amp;apos; with value &amp;apos;Nyokabi - DESKTOP-8M2IAR2&amp;apos;</message>
  <nestedLevel>0</nestedLevel>
  <property name="hostName">Nyokabi - DESKTOP-8M2IAR2</property>
</record>
<record>
  <date>2018-09-08T23:34:03</date>
  <millis>1536438843099</millis>
  <sequence>2</sequence>
  <level>RUN_DATA</level>
  <class>com.kms.katalon.core.logging.KeywordLogger</class>
  <method>logMessage</method>
  <thread>1</thread>
  <message>Logging run data &amp;apos;os&amp;apos; with value &amp;apos;Windows 10 64bit&amp;apos;</message>
  <nestedLevel>0</nestedLevel>
  <property name="os">Windows 10 64bit</property>
</record>
<record>
  <date>2018-09-08T23:34:03</date>
  <millis>1536438843100</millis>
  <sequence>3</sequence>
  <level>RUN_DATA</level>
  <class>com.kms.katalon.core.logging.KeywordLogger</class>
  <method>logMessage</method>
  <thread>1</thread>
  <message>Logging run data &amp;apos;hostAddress&amp;apos; with value &amp;apos;192.168.91.1&amp;apos;</message>
  <nestedLevel>0</nestedLevel>
  <property name="hostAddress">192.168.91.1</property>
</record>
<record>
  <date>2018-09-08T23:34:03</date>
  <millis>1536438843102</millis>
  <sequence>4</sequence>
  <level>RUN_DATA</level>
  <class>com.kms.katalon.core.logging.KeywordLogger</class>
  <method>logMessage</method>
  <thread>1</thread>
  <message>Logging run data &amp;apos;katalonVersion&amp;apos; with value &amp;apos;5.7.0.1&amp;apos;</message>
  <nestedLevel>0</nestedLevel>
  <property name="katalonVersion">5.7.0.1</property>
</record>
<record>
  <date>2018-09-08T23:34:03</date>
  <millis>1536438843866</millis>
  <sequence>5</sequence>
  <level>START</level>
  <class>com.kms.katalon.core.logging.KeywordLogger</class>
  <method>startTest</method>
  <thread>1</thread>
  <message>Start Test Case : Test Cases/User Login</message>
  <nestedLevel>1</nestedLevel>
  <property name="name">Test Cases/User Login</property>
  <property name="description"></property>
  <property name="id">Test Cases/User Login</property>
  <property name="source">C:\\Users\\Nyokabi\\Katalon Studio\\SpeedIO\\Test Cases\\User Login.tc</property>
  <property name="isOptional">false</property>
</record>
<record>
  <date>2018-09-08T23:34:03</date>
  <millis>1536438843917</millis>
  <sequence>6</sequence>
  <level>INFO</level>
  <class>com.kms.katalon.core.logging.KeywordLogger</class>
  <method>logMessage</method>
  <thread>1</thread>
  <message>Evaluating variables for test case</message>
  <nestedLevel>1</nestedLevel>
</record>
<record>
  <date>2018-09-08T23:34:04</date>
  <millis>1536438844025</millis>
  <sequence>7</sequence>
  <level>INFO</level>
  <class>com.kms.katalon.core.logging.KeywordLogger</class>
  <method>logMessage</method>
  <thread>1</thread>
  <message>Variable &amp;apos;url&amp;apos; is set to https://app.speedio.com.br/users/sign_in as default</message>
  <nestedLevel>1</nestedLevel>
</record>
<record>
  <date>2018-09-08T23:34:04</date>
  <millis>1536438844052</millis>
  <sequence>8</sequence>
  <level>INFO</level>
  <class>com.kms.katalon.core.logging.KeywordLogger</class>
  <method>logMessage</method>
  <thread>1</thread>
  <message>Variable &amp;apos;username&amp;apos; is set to user@domain.com as default</message>
  <nestedLevel>1</nestedLevel>
</record>
<record>
  <date>2018-09-08T23:34:04</date>
  <millis>1536438844069</millis>
  <sequence>9</sequence>
  <level>INFO</level>
  <class>com.kms.katalon.core.logging.KeywordLogger</class>
  <method>logMessage</method>
  <thread>1</thread>
  <message>Variable &amp;apos;password&amp;apos; is set to fet78bpp as default</message>
  <nestedLevel>1</nestedLevel>
</record>
<record>
  <date>2018-09-08T23:34:04</date>
  <millis>1536438844676</millis>
  <sequence>10</sequence>
  <level>START</level>
  <class>com.kms.katalon.core.logging.KeywordLogger</class>
  <method>startKeyword</method>
  <thread>1</thread>
  <message>Start action : openBrowser</message>
  <nestedLevel>1</nestedLevel>
  <property name="startLine">16</property>
  <property name="stepIndex">1</property>
</record>
<record>
  <date>2018-09-08T23:34:05</date>
  <millis>1536438845757</millis>
  <sequence>11</sequence>
  <level>INFO</level>
  <class>com.kms.katalon.core.logging.KeywordLogger</class>
  <method>logMessage</method>
  <thread>1</thread>
  <message>Opening browser</message>
  <nestedLevel>1</nestedLevel>
</record>
<record>
  <date>2018-09-08T23:34:05</date>
  <millis>1536438845772</millis>
  <sequence>12</sequence>
  <level>INFO</level>
  <class>com.kms.katalon.core.logging.KeywordLogger</class>
  <method>logMessage</method>
  <thread>1</thread>
  <message>Starting &amp;apos;Remote&amp;apos; driver</message>
  <nestedLevel>1</nestedLevel>
</record>
<record>
  <date>2018-09-08T23:34:05</date>
  <millis>1536438845785</millis>
  <sequence>13</sequence>
  <level>INFO</level>
  <class>com.kms.katalon.core.logging.KeywordLogger</class>
  <method>logMessage</method>
  <thread>1</thread>
  <message>Connecting to remote web server &amp;apos;http://52.151.28.7:4444/grid/admin/live&amp;apos; with type &amp;apos;Selenium&amp;apos;</message>
  <nestedLevel>1</nestedLevel>
</record>
<record>
  <date>2018-09-08T23:34:05</date>
  <millis>1536438845820</millis>
  <sequence>14</sequence>
  <level>INFO</level>
  <class>com.kms.katalon.core.logging.KeywordLogger</class>
  <method>logMessage</method>
  <thread>1</thread>
  <message>Action delay is set to 0 seconds</message>
  <nestedLevel>1</nestedLevel>
</record>
<record>
  <date>2018-09-08T23:34:07</date>
  <millis>1536438847834</millis>
  <sequence>15</sequence>
  <level>FAILED</level>
  <class>com.kms.katalon.core.logging.KeywordLogger</class>
  <method>logMessage</method>
  <thread>1</thread>
  <message>Unable to open browser with url: &amp;apos;https://app.speedio.com.br/users/sign_in&amp;apos; (Root cause: org.openqa.selenium.WebDriverException: Unable to parse remote response: &amp;lt;!DOCTYPE html&amp;gt;\n&amp;lt;html lang=\&amp;quot;en\&amp;quot;&amp;gt;\n&amp;lt;head&amp;gt;\n  &amp;lt;meta charset=\&amp;quot;UTF-8\&amp;quot;&amp;gt;\n  &amp;lt;link rel=\&amp;quot;stylesheet\&amp;quot; type=\&amp;quot;text/css\&amp;quot; href=\&amp;quot;/assets/displayhelpservlet.css\&amp;quot; media=\&amp;quot;all\&amp;quot;/&amp;gt;\n  &amp;lt;link href=\&amp;quot;/assets/favicon.ico\&amp;quot; rel=\&amp;quot;icon\&amp;quot; type=\&amp;quot;image/x-icon\&amp;quot; /&amp;gt;\n  &amp;lt;script src=\&amp;quot;/assets/jquery-3.1.1.min.js\&amp;quot; type=\&amp;quot;text/javascript\&amp;quot;&amp;gt;&amp;lt;/script&amp;gt;\n  &amp;lt;script src=\&amp;quot;/assets/displayhelpservlet.js\&amp;quot; type=\&amp;quot;text/javascript\&amp;quot;&amp;gt;&amp;lt;/script&amp;gt;\n  &amp;lt;script type=\&amp;quot;text/javascript\&amp;quot;&amp;gt;\n    var json = Object.freeze(&amp;apos;{\&amp;quot;consoleLink\&amp;quot;: \&amp;quot;\\u002fgrid\\u002fconsole\&amp;quot;,\&amp;quot;type\&amp;quot;: \&amp;quot;Grid Hub\&amp;quot;,\&amp;quot;class\&amp;quot;: \&amp;quot;org.openqa.grid.web.servlet.DisplayHelpServlet$DisplayHelpServletConfig\&amp;quot;,\&amp;quot;version\&amp;quot;: \&amp;quot;3.13.0\&amp;quot;}&amp;apos;);\n  &amp;lt;/script&amp;gt;\n&amp;lt;/head&amp;gt;\n&amp;lt;body&amp;gt;\n\n&amp;lt;div id=\&amp;quot;content\&amp;quot;&amp;gt;\n  &amp;lt;div id=\&amp;quot;help-heading\&amp;quot;&amp;gt;\n    &amp;lt;h1&amp;gt;&amp;lt;span id=\&amp;quot;logo\&amp;quot;&amp;gt;&amp;lt;/span&amp;gt;&amp;lt;/h1&amp;gt;\n    &amp;lt;h2&amp;gt;Selenium &amp;lt;span class=\&amp;quot;se-type\&amp;quot;&amp;gt;&amp;lt;/span&amp;gt;&amp;amp;nbsp;v.&amp;lt;span class=\&amp;quot;se-version\&amp;quot;&amp;gt;&amp;lt;/span&amp;gt;&amp;lt;/h2&amp;gt;\n  &amp;lt;/div&amp;gt;\n\n  &amp;lt;div id=\&amp;quot;content-body\&amp;quot;&amp;gt;\n    &amp;lt;p&amp;gt;\n      Whoops! The URL specified routes to this help page.\n    &amp;lt;/p&amp;gt;\n    &amp;lt;p&amp;gt;\n      For more information about Selenium &amp;lt;span class=\&amp;quot;se-type\&amp;quot;&amp;gt;&amp;lt;/span&amp;gt; please see the\n      &amp;lt;a class=\&amp;quot;se-docs\&amp;quot;&amp;gt;docs&amp;lt;/a&amp;gt; and/or visit the &amp;lt;a class=\&amp;quot;se-wiki\&amp;quot;&amp;gt;wiki&amp;lt;/a&amp;gt;.\n      &amp;lt;span id=\&amp;quot;console-item\&amp;quot;&amp;gt;\n        Or perhaps you are looking for the Selenium &amp;lt;span class=\&amp;quot;se-type\&amp;quot;&amp;gt;&amp;lt;/span&amp;gt; &amp;lt;a class=\&amp;quot;se-console\&amp;quot;&amp;gt;console&amp;lt;/a&amp;gt;.\n      &amp;lt;/span&amp;gt;\n    &amp;lt;/p&amp;gt;\n    &amp;lt;p&amp;gt;\n      Happy Testing!\n    &amp;lt;/p&amp;gt;\n  &amp;lt;/div&amp;gt;\n\n  &amp;lt;div&amp;gt;\n    &amp;lt;footer id=\&amp;quot;help-footer\&amp;quot;&amp;gt;\n      Selenium is made possible through the efforts of our open source community, contributions from\n      these &amp;lt;a href=\&amp;quot;https://github.com/SeleniumHQ/selenium/blob/master/AUTHORS\&amp;quot;&amp;gt;people&amp;lt;/a&amp;gt;, and our\n      &amp;lt;a href=\&amp;quot;http://www.seleniumhq.org/sponsors/\&amp;quot;&amp;gt;sponsors&amp;lt;/a&amp;gt;.\n   &amp;lt;/footer&amp;gt;\n  &amp;lt;/div&amp;gt;\n &amp;lt;/div&amp;gt;\n\n&amp;lt;/body&amp;gt;\n&amp;lt;/html&amp;gt;\nBuild info: version: &amp;apos;3.7.1&amp;apos;, revision: &amp;apos;8a0099a&amp;apos;, time: &amp;apos;2017-11-06T21:07:36.161Z&amp;apos;\nSystem info: host: &amp;apos;DESKTOP-8M2IAR2&amp;apos;, ip: &amp;apos;192.168.91.1&amp;apos;, os.name: &amp;apos;Windows 10&amp;apos;, os.arch: &amp;apos;amd64&amp;apos;, os.version: &amp;apos;10.0&amp;apos;, java.version: &amp;apos;1.8.0_181&amp;apos;\nDriver info: driver.version: CRemoteWebDriver)</message>
  <nestedLevel>1</nestedLevel>
</record>
<record>
  <date>2018-09-08T23:34:07</date>
  <millis>1536438847839</millis>
  <sequence>16</sequence>
  <level>END</level>
  <class>com.kms.katalon.core.logging.KeywordLogger</class>
  <method>endKeyword</method>
  <thread>1</thread>
  <message>End action : openBrowser</message>
  <nestedLevel>1</nestedLevel>
</record>
<record>
  <date>2018-09-08T23:34:07</date>
  <millis>1536438847848</millis>
  <sequence>17</sequence>
  <logger>com.kms.katalon.core.logging.KeywordLogger</logger>
  <level>FAILED</level>
  <class>com.kms.katalon.core.logging.KeywordLogger</class>
  <method>logMessage</method>
  <thread>1</thread>
  <message>Test Cases/User Login FAILED because (of) (Stack trace: com.kms.katalon.core.exception.StepFailedException: Unable to open browser with url: &amp;apos;https://app.speedio.com.br/users/sign_in&amp;apos; (Root cause: org.openqa.selenium.WebDriverException: Unable to parse remote response: &amp;lt;!DOCTYPE html&amp;gt;\n&amp;lt;html lang=\&amp;quot;en\&amp;quot;&amp;gt;\n&amp;lt;head&amp;gt;\n  &amp;lt;meta charset=\&amp;quot;UTF-8\&amp;quot;&amp;gt;\n  &amp;lt;link rel=\&amp;quot;stylesheet\&amp;quot; type=\&amp;quot;text/css\&amp;quot; href=\&amp;quot;/assets/displayhelpservlet.css\&amp;quot; media=\&amp;quot;all\&amp;quot;/&amp;gt;\n  &amp;lt;link href=\&amp;quot;/assets/favicon.ico\&amp;quot; rel=\&amp;quot;icon\&amp;quot; type=\&amp;quot;image/x-icon\&amp;quot; /&amp;gt;\n  &amp;lt;script src=\&amp;quot;/assets/jquery-3.1.1.min.js\&amp;quot; type=\&amp;quot;text/javascript\&amp;quot;&amp;gt;&amp;lt;/script&amp;gt;\n  &amp;lt;script src=\&amp;quot;/assets/displayhelpservlet.js\&amp;quot; type=\&amp;quot;text/javascript\&amp;quot;&amp;gt;&amp;lt;/script&amp;gt;\n  &amp;lt;script type=\&amp;quot;text/javascript\&amp;quot;&amp;gt;\n    var json = Object.freeze(&amp;apos;{\&amp;quot;consoleLink\&amp;quot;: \&amp;quot;\\u002fgrid\\u002fconsole\&amp;quot;,\&amp;quot;type\&amp;quot;: \&amp;quot;Grid Hub\&amp;quot;,\&amp;quot;class\&amp;quot;: \&amp;quot;org.openqa.grid.web.servlet.DisplayHelpServlet$DisplayHelpServletConfig\&amp;quot;,\&amp;quot;version\&amp;quot;: \&amp;quot;3.13.0\&amp;quot;}&amp;apos;);\n  &amp;lt;/script&amp;gt;\n&amp;lt;/head&amp;gt;\n&amp;lt;body&amp;gt;\n\n&amp;lt;div id=\&amp;quot;content\&amp;quot;&amp;gt;\n  &amp;lt;div id=\&amp;quot;help-heading\&amp;quot;&amp;gt;\n    &amp;lt;h1&amp;gt;&amp;lt;span id=\&amp;quot;logo\&amp;quot;&amp;gt;&amp;lt;/span&amp;gt;&amp;lt;/h1&amp;gt;\n    &amp;lt;h2&amp;gt;Selenium &amp;lt;span class=\&amp;quot;se-type\&amp;quot;&amp;gt;&amp;lt;/span&amp;gt;&amp;amp;nbsp;v.&amp;lt;span class=\&amp;quot;se-version\&amp;quot;&amp;gt;&amp;lt;/span&amp;gt;&amp;lt;/h2&amp;gt;\n  &amp;lt;/div&amp;gt;\n\n  &amp;lt;div id=\&amp;quot;content-body\&amp;quot;&amp;gt;\n    &amp;lt;p&amp;gt;\n      Whoops! The URL specified routes to this help page.\n    &amp;lt;/p&amp;gt;\n    &amp;lt;p&amp;gt;\n      For more information about Selenium &amp;lt;span class=\&amp;quot;se-type\&amp;quot;&amp;gt;&amp;lt;/span&amp;gt; please see the\n      &amp;lt;a class=\&amp;quot;se-docs\&amp;quot;&amp;gt;docs&amp;lt;/a&amp;gt; and/or visit the &amp;lt;a class=\&amp;quot;se-wiki\&amp;quot;&amp;gt;wiki&amp;lt;/a&amp;gt;.\n      &amp;lt;span id=\&amp;quot;console-item\&amp;quot;&amp;gt;\n        Or perhaps you are looking for the Selenium &amp;lt;span class=\&amp;quot;se-type\&amp;quot;&amp;gt;&amp;lt;/span&amp;gt; &amp;lt;a class=\&amp;quot;se-console\&amp;quot;&amp;gt;console&amp;lt;/a&amp;gt;.\n      &amp;lt;/span&amp;gt;\n    &amp;lt;/p&amp;gt;\n    &amp;lt;p&amp;gt;\n      Happy Testing!\n    &amp;lt;/p&amp;gt;\n  &amp;lt;/div&amp;gt;\n\n  &amp;lt;div&amp;gt;\n    &amp;lt;footer id=\&amp;quot;help-footer\&amp;quot;&amp;gt;\n      Selenium is made possible through the efforts of our open source community, contributions from\n      these &amp;lt;a href=\&amp;quot;https://github.com/SeleniumHQ/selenium/blob/master/AUTHORS\&amp;quot;&amp;gt;people&amp;lt;/a&amp;gt;, and our\n      &amp;lt;a href=\&amp;quot;http://www.seleniumhq.org/sponsors/\&amp;quot;&amp;gt;sponsors&amp;lt;/a&amp;gt;.\n   &amp;lt;/footer&amp;gt;\n  &amp;lt;/div&amp;gt;\n &amp;lt;/div&amp;gt;\n\n&amp;lt;/body&amp;gt;\n&amp;lt;/html&amp;gt;\nBuild info: version: &amp;apos;3.7.1&amp;apos;, revision: &amp;apos;8a0099a&amp;apos;, time: &amp;apos;2017-11-06T21:07:36.161Z&amp;apos;\nSystem info: host: &amp;apos;DESKTOP-8M2IAR2&amp;apos;, ip: &amp;apos;192.168.91.1&amp;apos;, os.name: &amp;apos;Windows 10&amp;apos;, os.arch: &amp;apos;amd64&amp;apos;, os.version: &amp;apos;10.0&amp;apos;, java.version: &amp;apos;1.8.0_181&amp;apos;\nDriver info: driver.version: CRemoteWebDriver)\r\n\tat com.kms.katalon.core.keyword.internal.KeywordMain.stepFailed(KeywordMain.groovy:36)\r\n\tat com.kms.katalon.core.webui.keyword.internal.WebUIKeywordMain.stepFailed(WebUIKeywordMain.groovy:65)\r\n\tat com.kms.katalon.core.webui.keyword.internal.WebUIKeywordMain.runKeyword(WebUIKeywordMain.groovy:27)\r\n\tat com.kms.katalon.core.webui.keyword.builtin.OpenBrowserKeyword.openBrowser(OpenBrowserKeyword.groovy:81)\r\n\tat com.kms.katalon.core.webui.keyword.builtin.OpenBrowserKeyword.execute(OpenBrowserKeyword.groovy:67)\r\n\tat com.kms.katalon.core.keyword.internal.KeywordExecutor.executeKeywordForPlatform(KeywordExecutor.groovy:53)\r\n\tat com.kms.katalon.core.webui.keyword.WebUiBuiltInKeywords.openBrowser(WebUiBuiltInKeywords.groovy:60)\r\n\tat com.kms.katalon.core.webui.keyword.WebUiBuiltInKeywords$openBrowser.call(Unknown Source)\r\n\tat org.codehaus.groovy.runtime.callsite.CallSiteArray.defaultCall(CallSiteArray.java:48)\r\n\tat org.codehaus.groovy.runtime.callsite.AbstractCallSite.call(AbstractCallSite.java:113)\r\n\tat org.codehaus.groovy.runtime.callsite.AbstractCallSite.call(AbstractCallSite.java:125)\r\n\tat Script1536437866893.run(Script1536437866893.groovy:16)\r\n\tat com.kms.katalon.core.main.ScriptEngine.run(ScriptEngine.java:183)\r\n\tat com.kms.katalon.core.main.ScriptEngine.runScriptAsRawText(ScriptEngine.java:108)\r\n\tat com.kms.katalon.core.main.TestCaseExecutor.runScript(TestCaseExecutor.java:294)\r\n\tat com.kms.katalon.core.main.TestCaseExecutor.doExecute(TestCaseExecutor.java:285)\r\n\tat com.kms.katalon.core.main.TestCaseExecutor.processExecutionPhase(TestCaseExecutor.java:264)\r\n\tat com.kms.katalon.core.main.TestCaseExecutor.accessMainPhase(TestCaseExecutor.java:256)\r\n\tat com.kms.katalon.core.main.TestCaseExecutor.execute(TestCaseExecutor.java:200)\r\n\tat com.kms.katalon.core.main.TestSuiteExecutor.accessTestCaseMainPhase(TestSuiteExecutor.java:129)\r\n\tat com.kms.katalon.core.main.TestSuiteExecutor.accessTestSuiteMainPhase(TestSuiteExecutor.java:112)\r\n\tat com.kms.katalon.core.main.TestSuiteExecutor.execute(TestSuiteExecutor.java:81)\r\n\tat com.kms.katalon.core.main.TestCaseMain.startTestSuite(TestCaseMain.java:142)\r\n\tat com.kms.katalon.core.main.TestCaseMain$startTestSuite$0.call(Unknown Source)\r\n\tat org.codehaus.groovy.runtime.callsite.CallSiteArray.defaultCall(CallSiteArray.java:48)\r\n\tat org.codehaus.groovy.runtime.callsite.AbstractCallSite.call(AbstractCallSite.java:113)\r\n\tat org.codehaus.groovy.runtime.callsite.AbstractCallSite.call(AbstractCallSite.java:141)\r\n\tat TempTestSuite1536438840044.run(TempTestSuite1536438840044.groovy:36)\r\n\tat groovy.lang.GroovyShell.runScriptOrMainOrTestOrRunnable(GroovyShell.java:263)\r\n\tat groovy.lang.GroovyShell.run(GroovyShell.java:518)\r\n\tat groovy.lang.GroovyShell.run(GroovyShell.java:507)\r\n\tat groovy.ui.GroovyMain.processOnce(GroovyMain.java:653)\r\n\tat groovy.ui.GroovyMain.run(GroovyMain.java:384)\r\n\tat groovy.ui.GroovyMain.process(GroovyMain.java:370)\r\n\tat groovy.ui.GroovyMain.processArgs(GroovyMain.java:129)\r\n\tat groovy.ui.GroovyMain.main(GroovyMain.java:109)\r\n\tat sun.reflect.NativeMethodAccessorImpl.invoke0(Native Method)\r\n\tat sun.reflect.NativeMethodAccessorImpl.invoke(NativeMethodAccessorImpl.java:62)\r\n\tat sun.reflect.DelegatingMethodAccessorImpl.invoke(DelegatingMethodAccessorImpl.java:43)\r\n\tat java.lang.reflect.Method.invoke(Method.java:498)\r\n\tat org.codehaus.groovy.tools.GroovyStarter.rootLoader(GroovyStarter.java:109)\r\n\tat org.codehaus.groovy.tools.GroovyStarter.main(GroovyStarter.java:131)\r\n)</message>
  <exception>
    <message>com.kms.katalon.core.exception.StepFailedException: Unable to open browser with url: 'https://app.speedio.com.br/users/sign_in' (Root cause: org.openqa.selenium.WebDriverException: Unable to parse remote response: &lt;!DOCTYPE html&gt;
&lt;html lang="en"&gt;
&lt;head&gt;
  &lt;meta charset="UTF-8"&gt;
  &lt;link rel="stylesheet" type="text/css" href="/assets/displayhelpservlet.css" media="all"/&gt;
  &lt;link href="/assets/favicon.ico" rel="icon" type="image/x-icon" /&gt;
  &lt;script src="/assets/jquery-3.1.1.min.js" type="text/javascript"&gt;&lt;/script&gt;
  &lt;script src="/assets/displayhelpservlet.js" type="text/javascript"&gt;&lt;/script&gt;
  &lt;script type="text/javascript"&gt;
    var json = Object.freeze('{"consoleLink": "\u002fgrid\u002fconsole","type": "Grid Hub","class": "org.openqa.grid.web.servlet.DisplayHelpServlet$DisplayHelpServletConfig","version": "3.13.0"}');
  &lt;/script&gt;
&lt;/head&gt;
&lt;body&gt;

&lt;div id="content"&gt;
  &lt;div id="help-heading"&gt;
    &lt;h1&gt;&lt;span id="logo"&gt;&lt;/span&gt;&lt;/h1&gt;
    &lt;h2&gt;Selenium &lt;span class="se-type"&gt;&lt;/span&gt;&amp;nbsp;v.&lt;span class="se-version"&gt;&lt;/span&gt;&lt;/h2&gt;
  &lt;/div&gt;

  &lt;div id="content-body"&gt;
    &lt;p&gt;
      Whoops! The URL specified routes to this help page.
    &lt;/p&gt;
    &lt;p&gt;
      For more information about Selenium &lt;span class="se-type"&gt;&lt;/span&gt; please see the
      &lt;a class="se-docs"&gt;docs&lt;/a&gt; and/or visit the &lt;a class="se-wiki"&gt;wiki&lt;/a&gt;.
      &lt;span id="console-item"&gt;
        Or perhaps you are looking for the Selenium &lt;span class="se-type"&gt;&lt;/span&gt; &lt;a class="se-console"&gt;console&lt;/a&gt;.
      &lt;/span&gt;
    &lt;/p&gt;
    &lt;p&gt;
      Happy Testing!
    &lt;/p&gt;
  &lt;/div&gt;

  &lt;div&gt;
    &lt;footer id="help-footer"&gt;
      Selenium is made possible through the efforts of our open source community, contributions from
      these &lt;a href="https://github.com/SeleniumHQ/selenium/blob/master/AUTHORS"&gt;people&lt;/a&gt;, and our
      &lt;a href="http://www.seleniumhq.org/sponsors/"&gt;sponsors&lt;/a&gt;.
   &lt;/footer&gt;
  &lt;/div&gt;
 &lt;/div&gt;

&lt;/body&gt;
&lt;/html&gt;
Build info: version: '3.7.1', revision: '8a0099a', time: '2017-11-06T21:07:36.161Z'
System info: host: 'DESKTOP-8M2IAR2', ip: '192.168.91.1', os.name: 'Windows 10', os.arch: 'amd64', os.version: '10.0', java.version: '1.8.0_181'
Driver info: driver.version: CRemoteWebDriver)</message>
    <frame>
      <class>com.kms.katalon.core.keyword.internal.KeywordMain</class>
      <method>stepFailed</method>
      <line>36</line>
    </frame>
    <frame>
      <class>com.kms.katalon.core.webui.keyword.internal.WebUIKeywordMain</class>
      <method>stepFailed</method>
      <line>65</line>
    </frame>
    <frame>
      <class>com.kms.katalon.core.webui.keyword.internal.WebUIKeywordMain</class>
      <method>runKeyword</method>
      <line>27</line>
    </frame>
    <frame>
      <class>com.kms.katalon.core.webui.keyword.builtin.OpenBrowserKeyword</class>
      <method>openBrowser</method>
      <line>81</line>
    </frame>
    <frame>
      <class>com.kms.katalon.core.webui.keyword.builtin.OpenBrowserKeyword</class>
      <method>execute</method>
      <line>67</line>
    </frame>
    <frame>
      <class>com.kms.katalon.core.keyword.internal.KeywordExecutor</class>
      <method>executeKeywordForPlatform</method>
      <line>53</line>
    </frame>
    <frame>
      <class>com.kms.katalon.core.webui.keyword.WebUiBuiltInKeywords</class>
      <method>openBrowser</method>
      <line>60</line>
    </frame>
    <frame>
      <class>com.kms.katalon.core.webui.keyword.WebUiBuiltInKeywords$openBrowser</class>
      <method>call</method>
    </frame>
    <frame>
      <class>org.codehaus.groovy.runtime.callsite.CallSiteArray</class>
      <method>defaultCall</method>
      <line>48</line>
    </frame>
    <frame>
      <class>org.codehaus.groovy.runtime.callsite.AbstractCallSite</class>
      <method>call</method>
      <line>113</line>
    </frame>
    <frame>
      <class>org.codehaus.groovy.runtime.callsite.AbstractCallSite</class>
      <method>call</method>
      <line>125</line>
    </frame>
    <frame>
      <class>Script1536437866893</class>
      <method>run</method>
      <line>16</line>
    </frame>
    <frame>
      <class>com.kms.katalon.core.main.ScriptEngine</class>
      <method>run</method>
      <line>183</line>
    </frame>
    <frame>
      <class>com.kms.katalon.core.main.ScriptEngine</class>
      <method>runScriptAsRawText</method>
      <line>108</line>
    </frame>
    <frame>
      <class>com.kms.katalon.core.main.TestCaseExecutor</class>
      <method>runScript</method>
      <line>294</line>
    </frame>
    <frame>
      <class>com.kms.katalon.core.main.TestCaseExecutor</class>
      <method>doExecute</method>
      <line>285</line>
    </frame>
    <frame>
      <class>com.kms.katalon.core.main.TestCaseExecutor</class>
      <method>processExecutionPhase</method>
      <line>264</line>
    </frame>
    <frame>
      <class>com.kms.katalon.core.main.TestCaseExecutor</class>
      <method>accessMainPhase</method>
      <line>256</line>
    </frame>
    <frame>
      <class>com.kms.katalon.core.main.TestCaseExecutor</class>
      <method>execute</method>
      <line>200</line>
    </frame>
    <frame>
      <class>com.kms.katalon.core.main.TestSuiteExecutor</class>
      <method>accessTestCaseMainPhase</method>
      <line>129</line>
    </frame>
    <frame>
      <class>com.kms.katalon.core.main.TestSuiteExecutor</class>
      <method>accessTestSuiteMainPhase</method>
      <line>112</line>
    </frame>
    <frame>
      <class>com.kms.katalon.core.main.TestSuiteExecutor</class>
      <method>execute</method>
      <line>81</line>
    </frame>
    <frame>
      <class>com.kms.katalon.core.main.TestCaseMain</class>
      <method>startTestSuite</method>
      <line>142</line>
    </frame>
    <frame>
      <class>com.kms.katalon.core.main.TestCaseMain$startTestSuite$0</class>
      <method>call</method>
    </frame>
    <frame>
      <class>org.codehaus.groovy.runtime.callsite.CallSiteArray</class>
      <method>defaultCall</method>
      <line>48</line>
    </frame>
    <frame>
      <class>org.codehaus.groovy.runtime.callsite.AbstractCallSite</class>
      <method>call</method>
      <line>113</line>
    </frame>
    <frame>
      <class>org.codehaus.groovy.runtime.callsite.AbstractCallSite</class>
      <method>call</method>
      <line>141</line>
    </frame>
    <frame>
      <class>TempTestSuite1536438840044</class>
      <method>run</method>
      <line>36</line>
    </frame>
    <frame>
      <class>groovy.lang.GroovyShell</class>
      <method>runScriptOrMainOrTestOrRunnable</method>
      <line>263</line>
    </frame>
    <frame>
      <class>groovy.lang.GroovyShell</class>
      <method>run</method>
      <line>518</line>
    </frame>
    <frame>
      <class>groovy.lang.GroovyShell</class>
      <method>run</method>
      <line>507</line>
    </frame>
    <frame>
      <class>groovy.ui.GroovyMain</class>
      <method>processOnce</method>
      <line>653</line>
    </frame>
    <frame>
      <class>groovy.ui.GroovyMain</class>
      <method>run</method>
      <line>384</line>
    </frame>
    <frame>
      <class>groovy.ui.GroovyMain</class>
      <method>process</method>
      <line>370</line>
    </frame>
    <frame>
      <class>groovy.ui.GroovyMain</class>
      <method>processArgs</method>
      <line>129</line>
    </frame>
    <frame>
      <class>groovy.ui.GroovyMain</class>
      <method>main</method>
      <line>109</line>
    </frame>
    <frame>
      <class>sun.reflect.NativeMethodAccessorImpl</class>
      <method>invoke0</method>
    </frame>
    <frame>
      <class>sun.reflect.NativeMethodAccessorImpl</class>
      <method>invoke</method>
      <line>62</line>
    </frame>
    <frame>
      <class>sun.reflect.DelegatingMethodAccessorImpl</class>
      <method>invoke</method>
      <line>43</line>
    </frame>
    <frame>
      <class>java.lang.reflect.Method</class>
      <method>invoke</method>
      <line>498</line>
    </frame>
    <frame>
      <class>org.codehaus.groovy.tools.GroovyStarter</class>
      <method>rootLoader</method>
      <line>109</line>
    </frame>
    <frame>
      <class>org.codehaus.groovy.tools.GroovyStarter</class>
      <method>main</method>
      <line>131</line>
    </frame>
  </exception>
  <nestedLevel>0</nestedLevel>
</record>
<record>
  <date>2018-09-08T23:34:07</date>
  <millis>1536438847886</millis>
  <sequence>18</sequence>
  <level>END</level>
  <class>com.kms.katalon.core.logging.KeywordLogger</class>
  <method>endTest</method>
  <thread>1</thread>
  <message>End Test Case : Test Cases/User Login</message>
  <nestedLevel>0</nestedLevel>
</record>
<record>
  <date>2018-09-08T23:34:08</date>
  <millis>1536438848086</millis>
  <sequence>19</sequence>
  <level>END</level>
  <class>com.kms.katalon.core.logging.KeywordLogger</class>
  <method>endSuite</method>
  <thread>1</thread>
  <message>End Test Suite : Test Suites/UserAuthentication</message>
  <nestedLevel>0</nestedLevel>
</record>
</log>
